<?xml version="1.0" encoding="UTF-8"?>
<!-- Generated by org.testng.reporters.JUnitXMLReporter -->
<testsuite ignored="0" hostname="DESKTOP-046N6DC" failures="0" tests="2" name="Default test" time="11.273" errors="0" timestamp="2024-06-15T03:40:31 IST">
  <testcase classname="com.DataDrivenTesting.Utilities.SauceDemoLoginTest" name="testLogin" time="0.876"/>
  <testcase classname="com.DataDrivenTesting.Utilities.SauceDemoLoginTest" name="testLogin" time="0.718"/>
</testsuite> <!-- Default test -->
